2023-01-29 00:05:08,288 [311]   INFO - __main__.py_<module>:12 - Program Loading.
2023-01-29 00:05:12,155 [4178]   INFO - login.py_getUser:55 - Load User From File
2023-01-29 00:05:12,156 [4179]   INFO - user.py_getLoginStatus:39 - Loaded User from file, username=admin
2023-01-29 00:05:12,256 [4279]   INFO - login.py_doLogin:26 - Try Login, user=admin, pass=******
2023-01-29 00:05:12,256 [4279]   INFO - login.py_doLogin:38 - Logged in successfully, token=tok***
2023-01-29 00:05:12,257 [4280]   INFO - user.py_saveUser:29 - Saved User to file, username=admin
2023-01-29 00:08:52,391 [291]   INFO - network.py_getFreePort:11 - Got Free Port63456
2023-01-29 00:08:52,394 [295]   INFO - __main__.py_<module>:12 - Program Loading.
2023-01-29 00:08:55,126 [3027]   INFO - login.py_getUser:55 - Load User From File
2023-01-29 00:08:55,129 [3030]   INFO - user.py_getLoginStatus:39 - Loaded User from file, username=admin
2023-01-29 00:08:55,234 [3135]   INFO - login.py_doLogin:26 - Try Login, user=admin, pass=******
2023-01-29 00:08:55,235 [3136]   INFO - login.py_doLogin:38 - Logged in successfully, token=tok***
2023-01-29 00:08:55,235 [3136]   INFO - user.py_saveUser:29 - Saved User to file, username=admin
2023-01-29 00:08:56,092 [3992]   INFO - monitor.py_getCameraList:13 - Get Camera List...
2023-01-29 00:08:56,114 [4015]   INFO - monitor.py_getCameraList:40 - Got Camera List:['USB2.0 HD UVC WebCam']
2023-01-29 00:10:58,120 [320]   INFO - network.py_getFreePort:11 - Got Free Port63936
2023-01-29 00:10:58,122 [322]   INFO - __main__.py_<module>:12 - Program Loading.
2023-01-29 00:11:00,753 [2953]   INFO - login.py_getUser:55 - Load User From File
2023-01-29 00:11:00,754 [2954]   INFO - user.py_getLoginStatus:39 - Loaded User from file, username=admin
2023-01-29 00:11:00,858 [3058]   INFO - login.py_doLogin:26 - Try Login, user=admin, pass=******
2023-01-29 00:11:00,858 [3058]   INFO - login.py_doLogin:38 - Logged in successfully, token=tok***
2023-01-29 00:11:00,859 [3059]   INFO - user.py_saveUser:29 - Saved User to file, username=admin
2023-01-29 00:11:01,947 [4147]   INFO - monitor.py_getCameraList:14 - Get Camera List...
2023-01-29 00:11:01,968 [4168]   INFO - monitor.py_getCameraList:40 - Got Camera List:['USB2.0 HD UVC WebCam']
2023-01-29 00:11:03,446 [5646]   INFO - user.py_saveUser:29 - Saved User to file, username=admin
2023-01-29 00:11:06,912 [9112]   INFO - login.py_doLogin:26 - Try Login, user=admin, pass=******
2023-01-29 00:11:06,912 [9112]   INFO - login.py_doLogin:38 - Logged in successfully, token=tok***
2023-01-29 00:11:06,913 [9113]   INFO - user.py_saveUser:29 - Saved User to file, username=admin
2023-01-29 00:11:07,764 [9964]   INFO - monitor.py_getCameraList:14 - Get Camera List...
2023-01-29 00:11:07,784 [9984]   INFO - monitor.py_getCameraList:40 - Got Camera List:['USB2.0 HD UVC WebCam']
2023-01-29 00:11:08,690 [10890]   INFO - user.py_saveUser:29 - Saved User to file, username=admin
2023-01-29 00:11:10,201 [12401]   INFO - login.py_doLogin:26 - Try Login, user=admin, pass=******
2023-01-29 00:11:10,201 [12401] WARNING - login.py_doLogin:47 - Login Failed, message: 用户名或密码错误
2023-01-29 00:11:10,202 [12402]   INFO - user.py_saveUser:29 - Saved User to file, username=admin
2023-01-29 00:11:12,009 [14209]   INFO - login.py_doLogin:26 - Try Login, user=admin, pass=******
2023-01-29 00:11:12,010 [14210]   INFO - login.py_doLogin:38 - Logged in successfully, token=tok***
2023-01-29 00:11:12,011 [14211]   INFO - user.py_saveUser:29 - Saved User to file, username=admin
2023-01-29 00:11:12,842 [15042]   INFO - monitor.py_getCameraList:14 - Get Camera List...
2023-01-29 00:11:12,862 [15062]   INFO - monitor.py_getCameraList:40 - Got Camera List:['USB2.0 HD UVC WebCam']
2023-01-29 00:11:13,918 [16118]   INFO - user.py_saveUser:29 - Saved User to file, username=admin
2023-01-29 00:11:15,023 [17223]   INFO - login.py_quit:17 - Exit Pressed.
2023-01-29 00:12:44,094 [298]   INFO - network.py_getFreePort:11 - Got Free Port64331
2023-01-29 00:12:44,096 [300]   INFO - __main__.py_<module>:12 - Program Loading.
2023-01-29 00:12:46,790 [2994]   INFO - login.py_getUser:55 - Load User From File
2023-01-29 00:12:46,790 [2994]   INFO - user.py_getLoginStatus:39 - Loaded User from file, username=admin
2023-01-29 00:12:48,807 [5011]   INFO - login.py_doLogin:26 - Try Login, user=admin, pass=******
2023-01-29 00:12:48,808 [5011]   INFO - login.py_doLogin:38 - Logged in successfully, token=tok***
2023-01-29 00:12:48,809 [5012]   INFO - user.py_saveUser:29 - Saved User to file, username=admin
2023-01-29 00:12:49,679 [5883]   INFO - monitor.py_getCameraList:14 - Get Camera List...
2023-01-29 00:12:49,700 [5904]   INFO - monitor.py_getCameraList:40 - Got Camera List:['USB2.0 HD UVC WebCam']
2023-01-29 00:12:52,426 [8630]   INFO - user.py_saveUser:29 - Saved User to file, username=admin
2023-01-29 00:12:52,910 [9114]   INFO - login.py_getUser:55 - Load User From File
2023-01-29 00:12:52,911 [9115]   INFO - user.py_getLoginStatus:39 - Loaded User from file, username=admin
2023-01-29 00:12:55,232 [11436]   INFO - login.py_doLogin:26 - Try Login, user=admin, pass=******
2023-01-29 00:12:55,232 [11436]   INFO - login.py_doLogin:38 - Logged in successfully, token=tok***
2023-01-29 00:12:55,232 [11436]   INFO - user.py_saveUser:29 - Saved User to file, username=admin
2023-01-29 00:12:56,136 [12340]   INFO - monitor.py_getCameraList:14 - Get Camera List...
2023-01-29 00:12:56,156 [12360]   INFO - monitor.py_getCameraList:40 - Got Camera List:['USB2.0 HD UVC WebCam']
2023-01-29 00:13:10,311 [291]   INFO - network.py_getFreePort:11 - Got Free Port64368
2023-01-29 00:13:10,313 [293]   INFO - __main__.py_<module>:12 - Program Loading.
2023-01-29 00:13:12,952 [2931]   INFO - login.py_getUser:55 - Load User From File
2023-01-29 00:13:12,953 [2932]   INFO - user.py_getLoginStatus:39 - Loaded User from file, username=admin
2023-01-29 00:13:13,954 [3934]   INFO - login.py_doLogin:26 - Try Login, user=admin, pass=******
2023-01-29 00:13:13,954 [3934]   INFO - login.py_doLogin:38 - Logged in successfully, token=tok***
2023-01-29 00:13:13,955 [3935]   INFO - user.py_saveUser:29 - Saved User to file, username=admin
2023-01-29 00:13:14,958 [4938]   INFO - monitor.py_getCameraList:14 - Get Camera List...
2023-01-29 00:13:14,978 [4958]   INFO - monitor.py_getCameraList:40 - Got Camera List:['USB2.0 HD UVC WebCam']
2023-01-29 00:13:16,643 [6623]   INFO - user.py_saveUser:29 - Saved User to file, username=admin
2023-01-29 00:13:17,178 [7158]   INFO - login.py_getUser:55 - Load User From File
2023-01-29 00:13:17,178 [7158]   INFO - user.py_getLoginStatus:39 - Loaded User from file, username=admin
2023-01-29 00:13:20,671 [10650]   INFO - login.py_doLogin:26 - Try Login, user=admin, pass=******
2023-01-29 00:13:20,672 [10651]   INFO - login.py_doLogin:38 - Logged in successfully, token=tok***
2023-01-29 00:13:20,672 [10651]   INFO - user.py_saveUser:29 - Saved User to file, username=admin
2023-01-29 00:13:21,494 [11473]   INFO - monitor.py_getCameraList:14 - Get Camera List...
2023-01-29 00:13:21,516 [11496]   INFO - monitor.py_getCameraList:40 - Got Camera List:['USB2.0 HD UVC WebCam']
2023-01-29 00:13:23,202 [13182]   INFO - user.py_saveUser:29 - Saved User to file, username=admin
2023-01-29 00:13:23,667 [13647]   INFO - login.py_getUser:55 - Load User From File
2023-01-29 00:13:23,668 [13648]   INFO - user.py_getLoginStatus:39 - Loaded User from file, username=admin
2023-01-29 00:13:37,186 [330]   INFO - network.py_getFreePort:11 - Got Free Port64405
2023-01-29 00:13:37,188 [332]   INFO - __main__.py_<module>:12 - Program Loading.
2023-01-29 00:13:39,743 [2887]   INFO - login.py_getUser:55 - Load User From File
2023-01-29 00:13:39,745 [2889]   INFO - user.py_getLoginStatus:39 - Loaded User from file, username=admin
2023-01-29 00:13:40,562 [3706]   INFO - login.py_doLogin:26 - Try Login, user=admin, pass=******
2023-01-29 00:13:40,562 [3706]   INFO - login.py_doLogin:38 - Logged in successfully, token=tok***
2023-01-29 00:13:40,563 [3707]   INFO - user.py_saveUser:29 - Saved User to file, username=admin
2023-01-29 00:13:41,486 [4630]   INFO - monitor.py_getCameraList:14 - Get Camera List...
2023-01-29 00:13:41,506 [4650]   INFO - monitor.py_getCameraList:40 - Got Camera List:['USB2.0 HD UVC WebCam']
2023-01-29 00:13:43,424 [6568]   INFO - user.py_saveUser:29 - Saved User to file, username=admin
2023-01-29 00:13:43,795 [6939]   INFO - login.py_getUser:55 - Load User From File
2023-01-29 00:13:43,796 [6940]   INFO - user.py_getLoginStatus:39 - Loaded User from file, username=admin
2023-01-29 00:13:53,216 [16360]   INFO - login.py_doLogin:26 - Try Login, user=admin, pass=******
2023-01-29 00:13:53,216 [16360]   INFO - login.py_doLogin:38 - Logged in successfully, token=tok***
2023-01-29 00:13:53,217 [16361]   INFO - user.py_saveUser:29 - Saved User to file, username=admin
2023-01-29 00:13:54,082 [17226]   INFO - monitor.py_getCameraList:14 - Get Camera List...
2023-01-29 00:13:54,102 [17246]   INFO - monitor.py_getCameraList:40 - Got Camera List:['USB2.0 HD UVC WebCam']
2023-01-29 00:13:56,034 [19178]   INFO - user.py_saveUser:29 - Saved User to file, username=admin
2023-01-29 00:13:56,267 [19411]   INFO - login.py_getUser:55 - Load User From File
2023-01-29 00:13:56,267 [19411]   INFO - user.py_getLoginStatus:39 - Loaded User from file, username=admin
2023-01-29 00:14:01,708 [287]   INFO - network.py_getFreePort:11 - Got Free Port64488
2023-01-29 00:14:01,709 [288]   INFO - __main__.py_<module>:12 - Program Loading.
2023-01-29 00:14:04,285 [2864]   INFO - login.py_getUser:55 - Load User From File
2023-01-29 00:14:04,286 [2865]   INFO - user.py_getLoginStatus:39 - Loaded User from file, username=admin
2023-01-29 00:14:05,099 [3679]   INFO - login.py_doLogin:26 - Try Login, user=admin, pass=******
2023-01-29 00:14:05,099 [3679]   INFO - login.py_doLogin:38 - Logged in successfully, token=tok***
2023-01-29 00:14:05,100 [3680]   INFO - user.py_saveUser:29 - Saved User to file, username=admin
2023-01-29 00:14:06,071 [4650]   INFO - monitor.py_getCameraList:14 - Get Camera List...
2023-01-29 00:14:06,093 [4672]   INFO - monitor.py_getCameraList:40 - Got Camera List:['USB2.0 HD UVC WebCam']
2023-01-29 00:14:23,987 [283]   INFO - network.py_getFreePort:11 - Got Free Port64725
2023-01-29 00:14:23,988 [284]   INFO - __main__.py_<module>:12 - Program Loading.
2023-01-29 00:14:26,617 [2913]   INFO - login.py_getUser:55 - Load User From File
2023-01-29 00:14:26,617 [2913]   INFO - user.py_getLoginStatus:39 - Loaded User from file, username=admin
2023-01-29 00:14:27,304 [3600]   INFO - login.py_doLogin:26 - Try Login, user=admin, pass=******
2023-01-29 00:14:27,304 [3600]   INFO - login.py_doLogin:38 - Logged in successfully, token=tok***
2023-01-29 00:14:27,305 [3601]   INFO - user.py_saveUser:29 - Saved User to file, username=admin
2023-01-29 00:15:17,511 [284]   INFO - network.py_getFreePort:11 - Got Free Port64748
2023-01-29 00:15:17,513 [286]   INFO - __main__.py_<module>:12 - Program Loading.
2023-01-29 00:15:20,068 [2842]   INFO - login.py_getUser:55 - Load User From File
2023-01-29 00:15:20,068 [2842]   INFO - user.py_getLoginStatus:39 - Loaded User from file, username=admin
2023-01-29 00:15:24,241 [7015]   INFO - login.py_doLogin:26 - Try Login, user=admin, pass=******
2023-01-29 00:15:24,241 [7015]   INFO - login.py_doLogin:38 - Logged in successfully, token=tok***
2023-01-29 00:15:24,242 [7016]   INFO - user.py_saveUser:29 - Saved User to file, username=admin
2023-01-29 00:15:24,997 [7770]   INFO - monitor.py_getCameraList:14 - Get Camera List...
2023-01-29 00:15:25,017 [7791]   INFO - monitor.py_getCameraList:40 - Got Camera List:['USB2.0 HD UVC WebCam']
2023-01-29 00:15:59,589 [293]   INFO - network.py_getFreePort:11 - Got Free Port64793
2023-01-29 00:15:59,590 [294]   INFO - __main__.py_<module>:12 - Program Loading.
2023-01-29 00:16:02,228 [2932]   INFO - login.py_getUser:55 - Load User From File
2023-01-29 00:16:02,232 [2936]   INFO - user.py_getLoginStatus:39 - Loaded User from file, username=admin
2023-01-29 00:16:03,030 [3734]   INFO - login.py_doLogin:26 - Try Login, user=admin, pass=******
2023-01-29 00:16:03,031 [3735]   INFO - login.py_doLogin:38 - Logged in successfully, token=tok***
2023-01-29 00:16:03,031 [3735]   INFO - user.py_saveUser:29 - Saved User to file, username=admin
2023-01-29 00:16:03,972 [4676]   INFO - monitor.py_getCameraList:16 - Get Camera List...
2023-01-29 00:16:03,992 [4697]   INFO - monitor.py_getCameraList:40 - Got Camera List:['USB2.0 HD UVC WebCam']
2023-01-29 00:16:21,002 [297]   INFO - network.py_getFreePort:11 - Got Free Port64819
2023-01-29 00:16:21,003 [298]   INFO - __main__.py_<module>:12 - Program Loading.
2023-01-29 00:16:23,621 [2915]   INFO - login.py_getUser:55 - Load User From File
2023-01-29 00:16:23,621 [2915]   INFO - user.py_getLoginStatus:39 - Loaded User from file, username=admin
2023-01-29 00:16:24,602 [3896]   INFO - login.py_doLogin:26 - Try Login, user=admin, pass=******
2023-01-29 00:16:24,602 [3896]   INFO - login.py_doLogin:38 - Logged in successfully, token=tok***
2023-01-29 00:16:24,603 [3897]   INFO - user.py_saveUser:29 - Saved User to file, username=admin
2023-01-29 00:16:25,529 [4823]   INFO - monitor.py_getCameraList:16 - Get Camera List...
2023-01-29 00:16:25,552 [4846]   INFO - monitor.py_getCameraList:40 - Got Camera List:['USB2.0 HD UVC WebCam']
2023-01-29 00:16:58,449 [288]   INFO - network.py_getFreePort:11 - Got Free Port64909
2023-01-29 00:16:58,450 [289]   INFO - __main__.py_<module>:12 - Program Loading.
2023-01-29 00:17:01,052 [2891]   INFO - login.py_getUser:55 - Load User From File
2023-01-29 00:17:01,053 [2892]   INFO - user.py_getLoginStatus:39 - Loaded User from file, username=admin
2023-01-29 00:17:01,716 [3555]   INFO - login.py_doLogin:26 - Try Login, user=admin, pass=******
2023-01-29 00:17:01,716 [3555]   INFO - login.py_doLogin:38 - Logged in successfully, token=tok***
2023-01-29 00:17:01,717 [3556]   INFO - user.py_saveUser:29 - Saved User to file, username=admin
2023-01-29 00:17:02,610 [4449]   INFO - monitor.py_getCameraList:16 - Get Camera List...
2023-01-29 00:17:02,630 [4469]   INFO - monitor.py_getCameraList:40 - Got Camera List:['USB2.0 HD UVC WebCam']
2023-01-29 00:17:24,125 [282]   INFO - network.py_getFreePort:11 - Got Free Port64942
2023-01-29 00:17:24,127 [284]   INFO - __main__.py_<module>:12 - Program Loading.
2023-01-29 00:17:26,694 [2851]   INFO - login.py_getUser:55 - Load User From File
2023-01-29 00:17:26,695 [2852]   INFO - user.py_getLoginStatus:39 - Loaded User from file, username=admin
2023-01-29 00:17:27,484 [3640]   INFO - login.py_doLogin:26 - Try Login, user=admin, pass=******
2023-01-29 00:17:27,484 [3640]   INFO - login.py_doLogin:38 - Logged in successfully, token=tok***
2023-01-29 00:17:27,485 [3642]   INFO - user.py_saveUser:29 - Saved User to file, username=admin
2023-01-29 00:17:28,396 [4552]   INFO - monitor.py_getCameraList:16 - Get Camera List...
2023-01-29 00:17:28,418 [4574]   INFO - monitor.py_getCameraList:40 - Got Camera List:['USB2.0 HD UVC WebCam']
2023-01-29 00:17:31,974 [285]   INFO - network.py_getFreePort:11 - Got Free Port64960
2023-01-29 00:17:31,976 [287]   INFO - __main__.py_<module>:12 - Program Loading.
2023-01-29 00:17:34,517 [2828]   INFO - login.py_getUser:55 - Load User From File
2023-01-29 00:17:34,518 [2829]   INFO - user.py_getLoginStatus:39 - Loaded User from file, username=admin
2023-01-29 00:17:35,297 [3608]   INFO - login.py_doLogin:26 - Try Login, user=admin, pass=******
2023-01-29 00:17:35,298 [3609]   INFO - login.py_doLogin:38 - Logged in successfully, token=tok***
2023-01-29 00:17:35,299 [3610]   INFO - user.py_saveUser:29 - Saved User to file, username=admin
2023-01-29 00:17:36,242 [4553]   INFO - monitor.py_getCameraList:16 - Get Camera List...
2023-01-29 00:17:36,262 [4573]   INFO - monitor.py_getCameraList:40 - Got Camera List:['USB2.0 HD UVC WebCam']
2023-01-29 00:17:38,277 [6588]   INFO - user.py_saveUser:29 - Saved User to file, username=admin
2023-01-29 00:18:00,204 [290]   INFO - network.py_getFreePort:11 - Got Free Port64986
2023-01-29 00:18:00,206 [292]   INFO - __main__.py_<module>:12 - Program Loading.
2023-01-29 00:18:02,898 [2985]   INFO - login.py_getUser:55 - Load User From File
2023-01-29 00:18:02,899 [2986]   INFO - user.py_getLoginStatus:39 - Loaded User from file, username=admin
2023-01-29 00:18:03,791 [3877]   INFO - login.py_doLogin:26 - Try Login, user=admin, pass=******
2023-01-29 00:18:03,791 [3877]   INFO - login.py_doLogin:38 - Logged in successfully, token=tok***
2023-01-29 00:18:03,792 [3878]   INFO - user.py_saveUser:29 - Saved User to file, username=admin
2023-01-29 00:18:04,821 [4908]   INFO - monitor.py_getCameraList:16 - Get Camera List...
2023-01-29 00:18:04,843 [4930]   INFO - monitor.py_getCameraList:40 - Got Camera List:['USB2.0 HD UVC WebCam']
2023-01-29 00:18:08,805 [291]   INFO - network.py_getFreePort:11 - Got Free Port65004
2023-01-29 00:18:08,806 [292]   INFO - __main__.py_<module>:12 - Program Loading.
2023-01-29 00:18:11,393 [2878]   INFO - login.py_getUser:55 - Load User From File
2023-01-29 00:18:11,393 [2878]   INFO - user.py_getLoginStatus:39 - Loaded User from file, username=admin
2023-01-29 00:18:12,257 [3743]   INFO - login.py_doLogin:26 - Try Login, user=admin, pass=******
2023-01-29 00:18:12,257 [3743]   INFO - login.py_doLogin:38 - Logged in successfully, token=tok***
2023-01-29 00:18:12,257 [3743]   INFO - user.py_saveUser:29 - Saved User to file, username=admin
2023-01-29 00:18:13,512 [4997]   INFO - monitor.py_getCameraList:16 - Get Camera List...
2023-01-29 00:18:13,534 [5019]   INFO - monitor.py_getCameraList:40 - Got Camera List:['USB2.0 HD UVC WebCam']
2023-01-29 00:18:14,420 [5906]   INFO - user.py_saveUser:29 - Saved User to file, username=admin
2023-01-29 00:18:14,778 [6264]   INFO - login.py_getUser:55 - Load User From File
2023-01-29 00:18:14,780 [6265]   INFO - user.py_getLoginStatus:39 - Loaded User from file, username=admin
2023-01-29 00:18:15,849 [7334]   INFO - login.py_doLogin:26 - Try Login, user=admin, pass=******
2023-01-29 00:18:15,849 [7334]   INFO - login.py_doLogin:38 - Logged in successfully, token=tok***
2023-01-29 00:18:15,849 [7334]   INFO - user.py_saveUser:29 - Saved User to file, username=admin
2023-01-29 00:18:16,665 [8150]   INFO - monitor.py_getCameraList:16 - Get Camera List...
2023-01-29 00:18:16,684 [8170]   INFO - monitor.py_getCameraList:40 - Got Camera List:['USB2.0 HD UVC WebCam']
2023-01-29 00:18:20,851 [12336]   INFO - user.py_saveUser:29 - Saved User to file, username=admin
2023-01-29 00:18:21,123 [12608]   INFO - login.py_getUser:55 - Load User From File
2023-01-29 00:18:21,124 [12609]   INFO - user.py_getLoginStatus:39 - Loaded User from file, username=admin
2023-01-29 00:19:25,179 [288]   INFO - network.py_getFreePort:11 - Got Free Port65110
2023-01-29 00:19:25,181 [290]   INFO - __main__.py_<module>:12 - Program Loading.
2023-01-29 00:19:27,731 [2840]   INFO - login.py_getUser:55 - Load User From File
2023-01-29 00:19:27,735 [2844]   INFO - user.py_getLoginStatus:39 - Loaded User from file, username=admin
2023-01-29 00:19:58,950 [290]   INFO - network.py_getFreePort:11 - Got Free Port65147
2023-01-29 00:19:58,951 [291]   INFO - __main__.py_<module>:11 - Program Loading.
2023-01-29 00:20:01,091 [2431]   INFO - login.py_getUser:55 - Load User From File
2023-01-29 00:20:01,091 [2431]   INFO - user.py_getLoginStatus:39 - Loaded User from file, username=admin
2023-01-29 00:21:06,346 [291]   INFO - network.py_getFreePort:11 - Got Free Port65191
2023-01-29 00:21:06,349 [293]   INFO - __main__.py_<module>:11 - Program Loading.
2023-01-29 00:21:08,655 [2599]   INFO - login.py_getUser:55 - Load User From File
2023-01-29 00:21:08,655 [2599]   INFO - user.py_getLoginStatus:39 - Loaded User from file, username=admin
2023-01-29 00:21:09,483 [3427]   INFO - login.py_doLogin:26 - Try Login, user=admin, pass=******
2023-01-29 00:21:09,483 [3427]   INFO - login.py_doLogin:38 - Logged in successfully, token=tok***
2023-01-29 00:21:09,483 [3428]   INFO - user.py_saveUser:29 - Saved User to file, username=admin
2023-01-29 00:21:10,154 [4099]   INFO - monitor.py_getCameraList:16 - Get Camera List...
2023-01-29 00:21:10,174 [4119]   INFO - monitor.py_getCameraList:40 - Got Camera List:['USB2.0 HD UVC WebCam']
2023-01-29 00:21:21,096 [325]   INFO - network.py_getFreePort:11 - Got Free Port65210
2023-01-29 00:21:21,099 [328]   INFO - __main__.py_<module>:11 - Program Loading.
2023-01-29 00:21:23,532 [2761]   INFO - login.py_getUser:55 - Load User From File
2023-01-29 00:21:23,532 [2761]   INFO - user.py_getLoginStatus:39 - Loaded User from file, username=admin
2023-01-29 00:21:25,101 [4330]   INFO - login.py_doLogin:26 - Try Login, user=admin, pass=******
2023-01-29 00:21:25,101 [4330]   INFO - login.py_doLogin:38 - Logged in successfully, token=tok***
2023-01-29 00:21:25,102 [4331]   INFO - user.py_saveUser:29 - Saved User to file, username=admin
2023-01-29 00:21:25,791 [5019]   INFO - monitor.py_getCameraList:16 - Get Camera List...
2023-01-29 00:21:25,812 [5040]   INFO - monitor.py_getCameraList:40 - Got Camera List:['USB2.0 HD UVC WebCam']
2023-01-29 00:21:29,625 [8854]   INFO - monitor.py_getCameraURL:29 - Get Camera URL with Camera-0
2023-01-29 00:21:29,625 [8854]   INFO - monitor.py___init__:46 - Start Video Capture on Camera-0
2023-01-29 00:21:33,776 [13005]   INFO - network.py_getFreePort:11 - Got Free Port65243
2023-01-29 00:21:33,777 [13006]   INFO - monitor.py_getFlaskThread:90 - Get Flask Instance on 127.0.0.1:65243
2023-01-29 00:21:41,032 [20261]   INFO - monitor.py_stopCapture:43 - Stop Monitoring...
2023-01-29 00:21:41,032 [20261]   INFO - monitor.py_stopMonitoring:103 - <Thread(Thread-8, started daemon 29552)>
2023-01-29 00:22:04,038 [313]   INFO - network.py_getFreePort:11 - Got Free Port65308
2023-01-29 00:22:04,040 [315]   INFO - __main__.py_<module>:11 - Program Loading.
2023-01-29 00:22:06,281 [2556]   INFO - login.py_getUser:55 - Load User From File
2023-01-29 00:22:06,281 [2556]   INFO - user.py_getLoginStatus:39 - Loaded User from file, username=admin
2023-01-29 00:22:06,378 [2653]   INFO - login.py_doLogin:26 - Try Login, user=admin, pass=******
2023-01-29 00:22:06,378 [2653]   INFO - login.py_doLogin:38 - Logged in successfully, token=tok***
2023-01-29 00:22:06,379 [2654]   INFO - user.py_saveUser:29 - Saved User to file, username=admin
2023-01-29 00:22:07,079 [3354]   INFO - monitor.py_getCameraList:16 - Get Camera List...
2023-01-29 00:22:07,100 [3375]   INFO - monitor.py_getCameraList:40 - Got Camera List:['USB2.0 HD UVC WebCam']
2023-01-29 00:22:08,885 [5160]   INFO - monitor.py_stopCapture:43 - Stop Monitoring...
2023-01-29 00:22:08,885 [5160]   INFO - monitor.py_stopMonitoring:103 - None
2023-01-29 00:23:00,501 [292]   INFO - network.py_getFreePort:11 - Got Free Port65344
2023-01-29 00:23:00,503 [294]   INFO - __main__.py_<module>:11 - Program Loading.
2023-01-29 00:23:02,881 [2672]   INFO - login.py_getUser:55 - Load User From File
2023-01-29 00:23:02,881 [2672]   INFO - user.py_getLoginStatus:39 - Loaded User from file, username=admin
2023-01-29 00:23:02,982 [2773]   INFO - login.py_doLogin:26 - Try Login, user=admin, pass=******
2023-01-29 00:23:02,983 [2774]   INFO - login.py_doLogin:38 - Logged in successfully, token=tok***
2023-01-29 00:23:02,983 [2774]   INFO - user.py_saveUser:29 - Saved User to file, username=admin
2023-01-29 00:23:03,695 [3486]   INFO - monitor.py_getCameraList:16 - Get Camera List...
2023-01-29 00:23:03,714 [3505]   INFO - monitor.py_getCameraList:40 - Got Camera List:['USB2.0 HD UVC WebCam']
2023-01-29 00:23:04,430 [4221]   INFO - monitor.py_stopCapture:43 - Stop Monitoring...
2023-01-29 00:23:21,070 [296]   INFO - network.py_getFreePort:11 - Got Free Port65361
2023-01-29 00:23:21,072 [298]   INFO - __main__.py_<module>:11 - Program Loading.
2023-01-29 00:23:23,331 [2557]   INFO - login.py_getUser:55 - Load User From File
2023-01-29 00:23:23,332 [2558]   INFO - user.py_getLoginStatus:39 - Loaded User from file, username=admin
2023-01-29 00:23:23,434 [2660]   INFO - login.py_doLogin:26 - Try Login, user=admin, pass=******
2023-01-29 00:23:23,434 [2660]   INFO - login.py_doLogin:38 - Logged in successfully, token=tok***
2023-01-29 00:23:23,435 [2661]   INFO - user.py_saveUser:29 - Saved User to file, username=admin
2023-01-29 00:23:24,150 [3376]   INFO - monitor.py_getCameraList:16 - Get Camera List...
2023-01-29 00:23:24,171 [3397]   INFO - monitor.py_getCameraList:40 - Got Camera List:['USB2.0 HD UVC WebCam']
2023-01-29 00:23:26,303 [5529]   INFO - monitor.py_stopCapture:43 - Stop Monitoring...
2023-01-29 00:23:29,030 [8256]   INFO - monitor.py_quit:66 - Close Button Pressed, System Closing...
2023-01-29 00:23:43,685 [291]   INFO - network.py_getFreePort:11 - Got Free Port65378
2023-01-29 00:23:43,687 [293]   INFO - __main__.py_<module>:11 - Program Loading.
2023-01-29 00:23:45,919 [2525]   INFO - login.py_getUser:55 - Load User From File
2023-01-29 00:23:45,919 [2525]   INFO - user.py_getLoginStatus:39 - Loaded User from file, username=admin
2023-01-29 00:23:46,014 [2620]   INFO - login.py_doLogin:26 - Try Login, user=admin, pass=******
2023-01-29 00:23:46,014 [2620]   INFO - login.py_doLogin:38 - Logged in successfully, token=tok***
2023-01-29 00:23:46,015 [2621]   INFO - user.py_saveUser:29 - Saved User to file, username=admin
2023-01-29 00:23:46,698 [3304]   INFO - monitor.py_getCameraList:16 - Get Camera List...
2023-01-29 00:23:46,719 [3325]   INFO - monitor.py_getCameraList:40 - Got Camera List:['USB2.0 HD UVC WebCam']
2023-01-29 00:23:48,219 [4825]   INFO - monitor.py_stopCapture:43 - Stop Monitoring...
2023-01-29 00:23:51,186 [7792]   INFO - monitor.py_quit:66 - Close Button Pressed, System Closing...
2023-01-29 00:23:59,802 [297]   INFO - network.py_getFreePort:11 - Got Free Port65398
2023-01-29 00:23:59,804 [299]   INFO - __main__.py_<module>:11 - Program Loading.
2023-01-29 00:24:02,419 [2913]   INFO - login.py_getUser:55 - Load User From File
2023-01-29 00:24:02,419 [2913]   INFO - user.py_getLoginStatus:39 - Loaded User from file, username=admin
2023-01-29 00:24:02,513 [3008]   INFO - login.py_doLogin:26 - Try Login, user=admin, pass=******
2023-01-29 00:24:02,513 [3008]   INFO - login.py_doLogin:38 - Logged in successfully, token=tok***
2023-01-29 00:24:02,514 [3009]   INFO - user.py_saveUser:29 - Saved User to file, username=admin
2023-01-29 00:24:03,423 [3918]   INFO - monitor.py_getCameraList:16 - Get Camera List...
2023-01-29 00:24:03,444 [3939]   INFO - monitor.py_getCameraList:40 - Got Camera List:['USB2.0 HD UVC WebCam']
2023-01-29 00:24:06,237 [6732]   INFO - monitor.py_stopCapture:43 - Stop Monitoring...
2023-01-29 00:24:18,915 [303]   INFO - network.py_getFreePort:11 - Got Free Port65452
2023-01-29 00:24:18,918 [305]   INFO - __main__.py_<module>:11 - Program Loading.
2023-01-29 00:24:21,607 [2994]   INFO - login.py_getUser:55 - Load User From File
2023-01-29 00:24:21,608 [2995]   INFO - user.py_getLoginStatus:39 - Loaded User from file, username=admin
2023-01-29 00:24:21,706 [3093]   INFO - login.py_doLogin:26 - Try Login, user=admin, pass=******
2023-01-29 00:24:21,706 [3093]   INFO - login.py_doLogin:38 - Logged in successfully, token=tok***
2023-01-29 00:24:21,708 [3095]   INFO - user.py_saveUser:29 - Saved User to file, username=admin
2023-01-29 00:24:22,628 [4015]   INFO - monitor.py_getCameraList:16 - Get Camera List...
2023-01-29 00:24:22,648 [4035]   INFO - monitor.py_getCameraList:40 - Got Camera List:['USB2.0 HD UVC WebCam']
2023-01-29 00:24:23,742 [5130]   INFO - monitor.py_stopCapture:43 - Stop Monitoring...
2023-01-29 00:24:24,539 [5926]   INFO - monitor.py_stopCapture:43 - Stop Monitoring...
2023-01-29 00:24:28,223 [9610]   INFO - monitor.py_getCameraURL:29 - Get Camera URL with Camera-0
2023-01-29 00:24:28,223 [9610]   INFO - monitor.py___init__:46 - Start Video Capture on Camera-0
2023-01-29 00:24:32,321 [13709]   INFO - network.py_getFreePort:11 - Got Free Port65477
2023-01-29 00:24:32,322 [13710]   INFO - monitor.py_getFlaskThread:90 - Get Flask Instance on 127.0.0.1:65477
2023-01-29 00:24:33,734 [15122]   INFO - monitor.py_stopCapture:43 - Stop Monitoring...
2023-01-29 00:25:33,201 [390]   INFO - network.py_getFreePort:11 - Got Free Port49354
2023-01-29 00:25:33,204 [392]   INFO - __main__.py_<module>:11 - Program Loading.
2023-01-29 00:25:35,924 [3112]   INFO - login.py_getUser:55 - Load User From File
2023-01-29 00:25:35,925 [3113]   INFO - user.py_getLoginStatus:39 - Loaded User from file, username=admin
2023-01-29 00:25:36,030 [3218]   INFO - login.py_doLogin:26 - Try Login, user=admin, pass=******
2023-01-29 00:25:36,030 [3218]   INFO - login.py_doLogin:38 - Logged in successfully, token=tok***
2023-01-29 00:25:36,031 [3219]   INFO - user.py_saveUser:29 - Saved User to file, username=admin
2023-01-29 00:25:36,925 [4114]   INFO - monitor.py_getCameraList:16 - Get Camera List...
2023-01-29 00:25:36,945 [4134]   INFO - monitor.py_getCameraList:18 - Got Camera List:['USB2.0 HD UVC WebCam']
2023-01-29 00:25:38,955 [6144]   INFO - monitor.py_stopCapture:43 - Stop Monitoring...
2023-01-29 00:25:40,895 [8083]   INFO - monitor.py_getCameraURL:29 - Get Camera URL with Camera-0
2023-01-29 00:25:40,896 [8084]   INFO - monitor.py___init__:24 - Start Video Capture on Camera-0
2023-01-29 00:25:44,888 [12076]   INFO - network.py_getFreePort:11 - Got Free Port49400
2023-01-29 00:25:44,889 [12077]   INFO - monitor.py_getFlaskThread:68 - Get Flask Instance on 127.0.0.1:49400
2023-01-29 00:25:46,197 [13385]   INFO - monitor.py_stopCapture:43 - Stop Monitoring...
2023-01-29 00:25:46,198 [13386]   INFO - thread.py_stop_thread:23 - Stopping Thread-32412
2023-01-29 00:25:50,458 [17646]   INFO - monitor.py_stopCapture:43 - Stop Monitoring...
2023-01-29 00:25:50,458 [17646]   INFO - thread.py_stop_thread:23 - Stopping Thread-32412
2023-01-29 00:25:50,459 [17647]  ERROR - thread.py__async_raise:14 - Failed to send message: invalid thread id
2023-01-29 00:25:59,351 [26540]   INFO - monitor.py_stopCapture:43 - Stop Monitoring...
2023-01-29 00:25:59,351 [26540]   INFO - thread.py_stop_thread:23 - Stopping Thread-32412
2023-01-29 00:25:59,351 [26540]  ERROR - thread.py__async_raise:14 - Failed to send message: invalid thread id
2023-01-29 00:26:00,201 [27389]   INFO - monitor.py_stopCapture:43 - Stop Monitoring...
2023-01-29 00:26:00,201 [27389]   INFO - thread.py_stop_thread:23 - Stopping Thread-32412
2023-01-29 00:26:00,202 [27390]  ERROR - thread.py__async_raise:14 - Failed to send message: invalid thread id
2023-01-29 00:26:00,847 [28036]   INFO - monitor.py_stopCapture:43 - Stop Monitoring...
2023-01-29 00:26:00,847 [28036]   INFO - thread.py_stop_thread:23 - Stopping Thread-32412
2023-01-29 00:26:00,848 [28037]  ERROR - thread.py__async_raise:14 - Failed to send message: invalid thread id
2023-01-29 00:26:03,056 [30245]   INFO - monitor.py_quit:66 - Close Button Pressed, System Closing...
2023-01-29 00:28:25,734 [320]   INFO - network.py_getFreePort:11 - Got Free Port49895
2023-01-29 00:28:25,736 [322]   INFO - __main__.py_<module>:11 - Program Loading.
2023-01-29 00:28:28,443 [3030]   INFO - login.py_getUser:55 - Load User From File
2023-01-29 00:28:28,444 [3031]   INFO - user.py_getLoginStatus:39 - Loaded User from file, username=admin
2023-01-29 00:28:28,556 [3142]   INFO - login.py_doLogin:26 - Try Login, user=admin, pass=******
2023-01-29 00:28:28,556 [3142]   INFO - login.py_doLogin:38 - Logged in successfully, token=tok***
2023-01-29 00:28:28,557 [3143]   INFO - user.py_saveUser:29 - Saved User to file, username=admin
2023-01-29 00:28:29,406 [3993]   INFO - monitor.py_getCameraList:16 - Get Camera List...
2023-01-29 00:28:29,427 [4013]   INFO - monitor.py_getCameraList:18 - Got Camera List:['USB2.0 HD UVC WebCam']
2023-01-29 00:28:31,243 [5829]   INFO - monitor.py_getCameraURL:29 - Get Camera URL with Camera-0
2023-01-29 00:28:31,243 [5830]   INFO - monitor.py___init__:24 - Start Video Capture on Camera-0
2023-01-29 00:28:35,298 [9885]   INFO - network.py_getFreePort:11 - Got Free Port49929
2023-01-29 00:28:35,299 [9886]   INFO - monitor.py_getFlaskThread:64 - Get Flask Instance on 127.0.0.1:49929
2023-01-29 00:28:40,080 [14666]   INFO - monitor.py_stopCapture:43 - Stop Monitoring...
2023-01-29 00:28:40,081 [14667]   INFO - thread.py_stop_thread:23 - Stopping Thread-7696
2023-01-29 00:28:42,043 [16629]   INFO - monitor.py___del__:28 - Stop Video Capture
2023-01-29 00:28:56,280 [30867]   INFO - monitor.py_stopCapture:43 - Stop Monitoring...
2023-01-29 00:28:58,789 [33376]   INFO - monitor.py_quit:66 - Close Button Pressed, System Closing...
2023-01-29 00:29:05,195 [284]   INFO - network.py_getFreePort:11 - Got Free Port49987
2023-01-29 00:29:05,196 [285]   INFO - __main__.py_<module>:11 - Program Loading.
2023-01-29 00:29:07,775 [2864]   INFO - login.py_getUser:55 - Load User From File
2023-01-29 00:29:07,776 [2865]   INFO - user.py_getLoginStatus:39 - Loaded User from file, username=admin
2023-01-29 00:29:07,862 [2952]   INFO - login.py_doLogin:26 - Try Login, user=admin, pass=******
2023-01-29 00:29:07,863 [2953]   INFO - login.py_doLogin:38 - Logged in successfully, token=tok***
2023-01-29 00:29:07,863 [2953]   INFO - user.py_saveUser:29 - Saved User to file, username=admin
2023-01-29 00:29:08,762 [3852]   INFO - monitor.py_getCameraList:16 - Get Camera List...
2023-01-29 00:29:08,782 [3872]   INFO - monitor.py_getCameraList:18 - Got Camera List:['USB2.0 HD UVC WebCam']
2023-01-29 00:29:40,268 [35357]   INFO - monitor.py_getCameraList:16 - Get Camera List...
2023-01-29 00:29:40,288 [35377]   INFO - monitor.py_getCameraList:18 - Got Camera List:['USB2.0 HD UVC WebCam']
2023-01-29 00:29:41,441 [36531]   INFO - monitor.py_quit:66 - Close Button Pressed, System Closing...
2023-01-29 00:30:56,448 [295]   INFO - network.py_getFreePort:11 - Got Free Port50185
2023-01-29 00:30:56,450 [297]   INFO - __main__.py_<module>:11 - Program Loading.
2023-01-29 00:30:59,048 [2895]   INFO - login.py_getUser:55 - Load User From File
2023-01-29 00:30:59,049 [2896]   INFO - user.py_getLoginStatus:39 - Loaded User from file, username=admin
2023-01-29 00:30:59,147 [2993]   INFO - login.py_doLogin:26 - Try Login, user=admin, pass=******
2023-01-29 00:30:59,148 [2994]   INFO - login.py_doLogin:38 - Logged in successfully, token=tok***
2023-01-29 00:30:59,149 [2995]   INFO - user.py_saveUser:29 - Saved User to file, username=admin
2023-01-29 00:31:00,088 [3935]   INFO - monitor.py_getCameraList:16 - Get Camera List...
2023-01-29 00:31:00,108 [3955]   INFO - monitor.py_getCameraList:18 - Got Camera List:['USB2.0 HD UVC WebCam']
2023-01-29 00:31:02,860 [6707]   INFO - monitor.py_getCameraURL:29 - Get Camera URL with Camera-0
2023-01-29 00:31:02,860 [6707]   INFO - monitor.py___init__:24 - Start Video Capture on Camera-0
2023-01-29 00:31:06,877 [10724]   INFO - network.py_getFreePort:11 - Got Free Port50206
2023-01-29 00:31:06,878 [10725]   INFO - monitor.py_getFlaskThread:64 - Get Flask Instance on 127.0.0.1:50206
2023-01-29 00:31:09,581 [13428]   INFO - monitor.py_stopCapture:43 - Stop Monitoring...
2023-01-29 00:31:09,581 [13428]   INFO - thread.py_stop_thread:23 - Stopping Thread-21692
2023-01-29 00:31:10,038 [13884]   INFO - monitor.py___del__:28 - Stop Video Capture
2023-01-29 00:31:13,027 [16874]   INFO - monitor.py_getCameraURL:29 - Get Camera URL with Camera-0
2023-01-29 00:31:13,028 [16875]   INFO - monitor.py___init__:24 - Start Video Capture on Camera-0
2023-01-29 00:31:16,563 [20409]   INFO - network.py_getFreePort:11 - Got Free Port50238
2023-01-29 00:31:16,564 [20410]   INFO - monitor.py_getFlaskThread:64 - Get Flask Instance on 127.0.0.1:50238
2023-01-29 00:31:19,232 [23079]   INFO - monitor.py_stopCapture:43 - Stop Monitoring...
2023-01-29 00:31:19,232 [23079]   INFO - thread.py_stop_thread:23 - Stopping Thread-32524
2023-01-29 00:31:19,673 [23520]   INFO - monitor.py___del__:28 - Stop Video Capture
2023-01-29 00:33:11,578 [312]   INFO - network.py_getFreePort:11 - Got Free Port50554
2023-01-29 00:33:11,580 [313]   INFO - __main__.py_<module>:11 - Program Loading.
2023-01-29 00:33:14,248 [2982]   INFO - login.py_getUser:55 - Load User From File
2023-01-29 00:33:14,249 [2983]   INFO - user.py_getLoginStatus:39 - Loaded User from file, username=admin
2023-01-29 00:33:14,346 [3080]   INFO - login.py_doLogin:26 - Try Login, user=admin, pass=******
2023-01-29 00:33:14,347 [3081]   INFO - login.py_doLogin:38 - Logged in successfully, token=tok***
2023-01-29 00:33:14,349 [3083]   INFO - user.py_saveUser:29 - Saved User to file, username=admin
2023-01-29 00:33:15,354 [4087]   INFO - monitor.py_getCameraList:16 - Get Camera List...
2023-01-29 00:33:15,374 [4107]   INFO - monitor.py_getCameraList:18 - Got Camera List:['USB2.0 HD UVC WebCam']
2023-01-29 00:33:17,410 [6143]   INFO - monitor.py_getCameraURL:29 - Get Camera URL with Camera-0
2023-01-29 00:33:17,410 [6143]   INFO - monitor.py___init__:24 - Start Video Capture on Camera-0
2023-01-29 00:33:21,560 [10294]   INFO - network.py_getFreePort:11 - Got Free Port50578
2023-01-29 00:33:21,561 [10295]   INFO - monitor.py_getFlaskThread:64 - Get Flask Instance on 127.0.0.1:50578
2023-01-29 00:33:23,292 [12026]   INFO - monitor.py_stopCapture:43 - Stop Monitoring...
2023-01-29 00:33:23,292 [12026]   INFO - thread.py_stop_thread:27 - Stopping Thread-14756
2023-01-29 00:33:23,293 [12027]   INFO - thread.py__async_raise:22 - Message Sent.
2023-01-29 00:33:23,293 [12027]   INFO - thread.py_stop_thread:29 - Thread-14756 Stopped.
2023-01-29 00:33:23,657 [12390]   INFO - monitor.py___del__:28 - Stop Video Capture
2023-01-29 00:33:25,225 [13959]   INFO - monitor.py_stopCapture:43 - Stop Monitoring...
2023-01-29 00:33:25,876 [14609]   INFO - monitor.py_stopCapture:43 - Stop Monitoring...
2023-01-29 00:33:26,439 [15173]   INFO - monitor.py_stopCapture:43 - Stop Monitoring...
2023-01-29 00:33:28,427 [17161]   INFO - user.py_saveUser:29 - Saved User to file, username=admin
2023-01-29 00:33:28,876 [17610]   INFO - login.py_getUser:55 - Load User From File
2023-01-29 00:33:28,877 [17611]   INFO - user.py_getLoginStatus:39 - Loaded User from file, username=admin
2023-01-29 00:35:24,723 [318]   INFO - network.py_getFreePort:11 - Got Free Port50870
2023-01-29 00:35:24,724 [319]   INFO - __main__.py_<module>:11 - Program Loading.
2023-01-29 00:35:36,536 [290]   INFO - network.py_getFreePort:11 - Got Free Port50889
2023-01-29 00:35:36,537 [291]   INFO - __main__.py_<module>:11 - Program Loading.
2023-01-29 00:36:08,711 [299]   INFO - network.py_getFreePort:11 - Got Free Port50907
2023-01-29 00:36:08,714 [302]   INFO - __main__.py_<module>:11 - Program Loading.
2023-01-29 00:36:11,456 [3044]   INFO - login.py_getUser:55 - Load User From File
2023-01-29 00:36:11,460 [3048]   INFO - user.py_getLoginStatus:39 - Loaded User from file, username=admin
2023-01-29 00:36:13,153 [4741]   INFO - login.py_quit:17 - Exit Pressed.
2023-01-29 00:36:15,588 [283]   INFO - network.py_getFreePort:11 - Got Free Port50940
2023-01-29 00:36:15,590 [285]   INFO - __main__.py_<module>:11 - Program Loading.
2023-01-29 00:36:18,289 [2983]   INFO - login.py_getUser:55 - Load User From File
2023-01-29 00:36:18,289 [2983]   INFO - user.py_getLoginStatus:39 - Loaded User from file, username=admin
2023-01-29 00:36:18,886 [3580]   INFO - login.py_doLogin:26 - Try Login, user=admin, pass=******
2023-01-29 00:36:18,886 [3580]   INFO - login.py_doLogin:38 - Logged in successfully, token=tok***
2023-01-29 00:36:18,887 [3581]   INFO - user.py_saveUser:29 - Saved User to file, username=admin
2023-01-29 00:36:19,832 [4526]   INFO - monitor.py_getCameraList:16 - Get Camera List...
2023-01-29 00:36:19,851 [4546]   INFO - monitor.py_getCameraList:18 - Got Camera List:['USB2.0 HD UVC WebCam']
2023-01-29 00:36:22,922 [7617]   INFO - monitor.py_getCameraURL:29 - Get Camera URL with Camera-0
2023-01-29 00:36:22,922 [7617]   INFO - monitor.py___init__:24 - Start Video Capture on Camera-0
2023-01-29 00:36:26,811 [11506] WARNING - monitor.py_stopMonitoring:78 - No Monitor to Stop.
2023-01-29 00:36:26,948 [11642]   INFO - network.py_getFreePort:11 - Got Free Port50962
2023-01-29 00:36:26,949 [11643]   INFO - monitor.py_getFlaskThread:64 - Get Flask Instance on 127.0.0.1:50962
2023-01-29 00:36:36,086 [20780]   INFO - monitor.py_stopCapture:43 - Stop Monitoring...
2023-01-29 00:36:36,086 [20780]   INFO - thread.py_stop_thread:27 - Stopping Thread-4820
2023-01-29 00:36:36,086 [20780]   INFO - thread.py__async_raise:22 - Message Sent.
2023-01-29 00:36:36,086 [20780]   INFO - thread.py_stop_thread:29 - Thread-4820 Stopped.
2023-01-29 00:36:36,257 [20952]   INFO - monitor.py___del__:28 - Stop Video Capture
2023-01-29 00:36:36,293 [20988]   INFO - monitor.py_stopCapture:43 - Stop Monitoring...
2023-01-29 00:36:36,294 [20989] WARNING - monitor.py_stopMonitoring:78 - No Monitor to Stop.
2023-01-29 00:36:36,916 [21610]   INFO - monitor.py_stopCapture:43 - Stop Monitoring...
2023-01-29 00:36:36,916 [21610] WARNING - monitor.py_stopMonitoring:78 - No Monitor to Stop.
2023-01-29 00:36:37,306 [22000]   INFO - monitor.py_stopCapture:43 - Stop Monitoring...
2023-01-29 00:36:37,306 [22000] WARNING - monitor.py_stopMonitoring:78 - No Monitor to Stop.
2023-01-29 00:36:37,749 [22444]   INFO - monitor.py_stopCapture:43 - Stop Monitoring...
2023-01-29 00:36:37,749 [22444] WARNING - monitor.py_stopMonitoring:78 - No Monitor to Stop.
2023-01-29 00:36:40,952 [25647]   INFO - monitor.py_quitSystem:66 - Close Button Pressed, System Closing...
2023-01-29 00:37:18,385 [288]   INFO - network.py_getFreePort:11 - Got Free Port51052
2023-01-29 00:37:18,387 [290]   INFO - __main__.py_<module>:11 - Program Loading.
2023-01-29 00:37:20,971 [2874]   INFO - login.py_getUser:55 - Load User From File
2023-01-29 00:37:20,975 [2878]   INFO - user.py_getLoginStatus:39 - Loaded User from file, username=admin
2023-01-29 00:37:22,552 [4456]   INFO - login.py_doLogin:26 - Try Login, user=admin, pass=******
2023-01-29 00:37:22,552 [4456]   INFO - login.py_doLogin:38 - Logged in successfully, token=tok***
2023-01-29 00:37:22,553 [4457]   INFO - user.py_saveUser:29 - Saved User to file, username=admin
2023-01-29 00:37:23,476 [5380]   INFO - monitor.py_getCameraList:16 - Get Camera List...
2023-01-29 00:37:23,497 [5401]   INFO - monitor.py_getCameraList:18 - Got Camera List:['USB2.0 HD UVC WebCam']
2023-01-29 00:37:27,693 [9597]   INFO - monitor.py_stopCapture:43 - Stop Monitoring...
2023-01-29 00:37:27,693 [9597] WARNING - monitor.py_stopMonitoring:78 - No Monitor to Stop.
2023-01-29 00:37:29,933 [11837]   INFO - monitor.py_stopCapture:43 - Stop Monitoring...
2023-01-29 00:37:29,934 [11838] WARNING - monitor.py_stopMonitoring:78 - No Monitor to Stop.
2023-01-29 00:37:32,318 [14222]   INFO - monitor.py_stopCapture:43 - Stop Monitoring...
2023-01-29 00:37:32,318 [14222] WARNING - monitor.py_stopMonitoring:78 - No Monitor to Stop.
2023-01-29 00:37:33,382 [15286]   INFO - monitor.py_getCameraURL:29 - Get Camera URL with Camera-0
2023-01-29 00:37:33,382 [15286]   INFO - monitor.py___init__:24 - Start Video Capture on Camera-0
2023-01-29 00:37:37,342 [19246] WARNING - monitor.py_stopMonitoring:78 - No Monitor to Stop.
2023-01-29 00:37:37,489 [19392]   INFO - network.py_getFreePort:11 - Got Free Port51082
2023-01-29 00:37:37,490 [19393]   INFO - monitor.py_getFlaskThread:64 - Get Flask Instance on 127.0.0.1:51082
2023-01-29 00:37:41,284 [23188]   INFO - user.py_saveUser:29 - Saved User to file, username=admin
2023-01-29 00:37:41,658 [23562]   INFO - login.py_getUser:55 - Load User From File
2023-01-29 00:37:41,658 [23562]   INFO - user.py_getLoginStatus:39 - Loaded User from file, username=admin
2023-01-29 00:38:53,608 [287]   INFO - network.py_getFreePort:11 - Got Free Port51261
2023-01-29 00:38:53,610 [289]   INFO - __main__.py_<module>:11 - Program Loading.
2023-01-29 00:38:56,309 [2989]   INFO - login.py_getUser:55 - Load User From File
2023-01-29 00:38:56,313 [2993]   INFO - user.py_getLoginStatus:39 - Loaded User from file, username=admin
2023-01-29 00:39:02,142 [8822]   INFO - login.py_doLogin:26 - Try Login, user=admin, pass=******
2023-01-29 00:39:02,143 [8823]   INFO - login.py_doLogin:38 - Logged in successfully, token=tok***
2023-01-29 00:39:02,143 [8823]   INFO - user.py_saveUser:29 - Saved User to file, username=admin
2023-01-29 00:39:02,986 [9665]   INFO - monitor.py_getCameraList:16 - Get Camera List...
2023-01-29 00:39:03,006 [9685]   INFO - monitor.py_getCameraList:18 - Got Camera List:['USB2.0 HD UVC WebCam']
2023-01-29 00:39:05,423 [12103]   INFO - user.py_saveUser:29 - Saved User to file, username=admin
2023-01-29 00:39:05,820 [12500]   INFO - login.py_getUser:55 - Load User From File
2023-01-29 00:39:05,821 [12501]   INFO - user.py_getLoginStatus:39 - Loaded User from file, username=admin
2023-01-29 00:39:42,414 [293]   INFO - network.py_getFreePort:11 - Got Free Port51331
2023-01-29 00:39:42,416 [296]   INFO - __main__.py_<module>:11 - Program Loading.
2023-01-29 00:39:45,005 [2884]   INFO - login.py_getUser:55 - Load User From File
2023-01-29 00:39:45,009 [2888]   INFO - user.py_getLoginStatus:39 - Loaded User from file, username=admin
2023-01-29 00:39:46,010 [3889]   INFO - login.py_doLogin:26 - Try Login, user=admin, pass=******
2023-01-29 00:39:46,010 [3889]   INFO - login.py_doLogin:38 - Logged in successfully, token=tok***
2023-01-29 00:39:46,011 [3890]   INFO - user.py_saveUser:29 - Saved User to file, username=admin
2023-01-29 00:39:47,048 [4927]   INFO - monitor.py_getCameraList:16 - Get Camera List...
2023-01-29 00:39:47,069 [4948]   INFO - monitor.py_getCameraList:18 - Got Camera List:['USB2.0 HD UVC WebCam']
2023-01-29 00:39:48,426 [6305]   INFO - user.py_saveUser:29 - Saved User to file, username=admin
2023-01-29 00:39:50,237 [8116]   INFO - login.py_doLogin:26 - Try Login, user=admin, pass=******
2023-01-29 00:39:50,237 [8116]   INFO - login.py_doLogin:38 - Logged in successfully, token=tok***
2023-01-29 00:39:50,238 [8117]   INFO - user.py_saveUser:29 - Saved User to file, username=admin
2023-01-29 00:39:51,199 [9078]   INFO - monitor.py_getCameraList:16 - Get Camera List...
2023-01-29 00:39:51,218 [9097]   INFO - monitor.py_getCameraList:18 - Got Camera List:['USB2.0 HD UVC WebCam']
2023-01-29 00:39:52,249 [10128]   INFO - user.py_saveUser:29 - Saved User to file, username=admin
2023-01-29 00:40:01,901 [283]   INFO - network.py_getFreePort:11 - Got Free Port51365
2023-01-29 00:40:01,902 [284]   INFO - __main__.py_<module>:11 - Program Loading.
2023-01-29 00:40:04,600 [2982]   INFO - login.py_getUser:55 - Load User From File
2023-01-29 00:40:04,604 [2986]   INFO - user.py_getLoginStatus:39 - Loaded User from file, username=admin
2023-01-29 00:40:05,425 [3807]   INFO - login.py_doLogin:26 - Try Login, user=admin, pass=******
2023-01-29 00:40:05,426 [3808]   INFO - login.py_doLogin:38 - Logged in successfully, token=tok***
2023-01-29 00:40:05,426 [3808]   INFO - user.py_saveUser:29 - Saved User to file, username=admin
2023-01-29 00:40:06,376 [4757]   INFO - monitor.py_getCameraList:16 - Get Camera List...
2023-01-29 00:40:06,396 [4778]   INFO - monitor.py_getCameraList:18 - Got Camera List:['USB2.0 HD UVC WebCam']
2023-01-29 00:40:08,880 [7262]   INFO - user.py_saveUser:29 - Saved User to file, username=admin
2023-01-29 00:40:09,167 [7549]   INFO - login.py_getUser:55 - Load User From File
2023-01-29 00:40:09,167 [7549]   INFO - user.py_getLoginStatus:39 - Loaded User from file, username=admin
2023-01-29 00:40:19,105 [283]   INFO - network.py_getFreePort:11 - Got Free Port51390
2023-01-29 00:40:19,107 [285]   INFO - __main__.py_<module>:11 - Program Loading.
2023-01-29 00:40:21,715 [2893]   INFO - login.py_getUser:55 - Load User From File
2023-01-29 00:40:21,719 [2897]   INFO - user.py_getLoginStatus:39 - Loaded User from file, username=admin
2023-01-29 00:40:22,632 [3810]   INFO - login.py_doLogin:26 - Try Login, user=admin, pass=******
2023-01-29 00:40:22,632 [3810]   INFO - login.py_doLogin:38 - Logged in successfully, token=tok***
2023-01-29 00:40:22,633 [3811]   INFO - user.py_saveUser:29 - Saved User to file, username=admin
2023-01-29 00:40:23,550 [4729]   INFO - monitor.py_getCameraList:16 - Get Camera List...
2023-01-29 00:40:23,571 [4749]   INFO - monitor.py_getCameraList:18 - Got Camera List:['USB2.0 HD UVC WebCam']
2023-01-29 00:40:24,763 [5942]   INFO - user.py_saveUser:29 - Saved User to file, username=admin
2023-01-29 00:40:35,796 [303]   INFO - network.py_getFreePort:11 - Got Free Port51412
2023-01-29 00:40:35,798 [305]   INFO - __main__.py_<module>:11 - Program Loading.
2023-01-29 00:40:38,404 [2911]   INFO - login.py_getUser:55 - Load User From File
2023-01-29 00:40:38,408 [2915]   INFO - user.py_getLoginStatus:39 - Loaded User from file, username=admin
2023-01-29 00:40:38,973 [3480]   INFO - login.py_doLogin:26 - Try Login, user=admin, pass=******
2023-01-29 00:40:38,973 [3480]   INFO - login.py_doLogin:38 - Logged in successfully, token=tok***
2023-01-29 00:40:38,974 [3481]   INFO - user.py_saveUser:29 - Saved User to file, username=admin
2023-01-29 00:40:39,986 [4493]   INFO - monitor.py_getCameraList:16 - Get Camera List...
2023-01-29 00:40:40,006 [4513]   INFO - monitor.py_getCameraList:18 - Got Camera List:['USB2.0 HD UVC WebCam']
2023-01-29 00:40:40,841 [5348]   INFO - user.py_saveUser:29 - Saved User to file, username=admin
2023-01-29 00:40:41,171 [5678]   INFO - login.py_getUser:55 - Load User From File
2023-01-29 00:40:41,172 [5679]   INFO - user.py_getLoginStatus:39 - Loaded User from file, username=admin
2023-01-29 00:40:43,613 [8120]   INFO - login.py_doLogin:26 - Try Login, user=admin, pass=******
2023-01-29 00:40:43,614 [8121]   INFO - login.py_doLogin:38 - Logged in successfully, token=tok***
2023-01-29 00:40:43,614 [8121]   INFO - user.py_saveUser:29 - Saved User to file, username=admin
2023-01-29 00:40:44,594 [9101]   INFO - monitor.py_getCameraList:16 - Get Camera List...
2023-01-29 00:40:44,613 [9120]   INFO - monitor.py_getCameraList:18 - Got Camera List:['USB2.0 HD UVC WebCam']
2023-01-29 00:40:46,519 [11026]   INFO - monitor.py_quitSystem:66 - Close Button Pressed, System Closing...
2023-01-29 00:40:47,571 [12078]   INFO - monitor.py_quitSystem:66 - Close Button Pressed, System Closing...
2023-01-29 00:40:55,498 [297]   INFO - network.py_getFreePort:11 - Got Free Port51441
2023-01-29 00:40:55,501 [299]   INFO - __main__.py_<module>:11 - Program Loading.
2023-01-29 00:40:58,041 [2840]   INFO - login.py_getUser:55 - Load User From File
2023-01-29 00:40:58,042 [2841]   INFO - user.py_getLoginStatus:39 - Loaded User from file, username=admin
2023-01-29 00:40:58,815 [3613]   INFO - login.py_doLogin:26 - Try Login, user=admin, pass=******
2023-01-29 00:40:58,815 [3613]   INFO - login.py_doLogin:38 - Logged in successfully, token=tok***
2023-01-29 00:40:58,815 [3613]   INFO - user.py_saveUser:29 - Saved User to file, username=admin
2023-01-29 00:40:59,789 [4587]   INFO - monitor.py_getCameraList:16 - Get Camera List...
2023-01-29 00:40:59,809 [4608]   INFO - monitor.py_getCameraList:18 - Got Camera List:['USB2.0 HD UVC WebCam']
2023-01-29 00:41:01,125 [5923]   INFO - user.py_saveUser:29 - Saved User to file, username=admin
2023-01-29 00:41:01,471 [6269]   INFO - login.py_getUser:55 - Load User From File
2023-01-29 00:41:01,472 [6270]   INFO - user.py_getLoginStatus:39 - Loaded User from file, username=admin
2023-01-29 00:41:04,852 [9651]   INFO - login.py_quit:17 - Exit Pressed.
2023-01-29 00:42:29,860 [291]   INFO - network.py_getFreePort:11 - Got Free Port51654
2023-01-29 00:42:29,863 [294]   INFO - __main__.py_<module>:11 - Program Loading.
2023-01-29 00:42:32,457 [2888]   INFO - login.py_getUser:55 - Load User From File
2023-01-29 00:42:32,457 [2888]   INFO - user.py_getLoginStatus:39 - Loaded User from file, username=admin
2023-01-29 00:42:33,097 [3528]   INFO - login.py_doLogin:26 - Try Login, user=admin, pass=******
2023-01-29 00:42:33,097 [3528]   INFO - login.py_doLogin:38 - Logged in successfully, token=tok***
2023-01-29 00:42:33,098 [3529]   INFO - user.py_saveUser:29 - Saved User to file, username=admin
2023-01-29 00:42:34,164 [4595]   INFO - monitor.py_getCameraList:16 - Get Camera List...
2023-01-29 00:42:34,184 [4615]   INFO - monitor.py_getCameraList:18 - Got Camera List:['USB2.0 HD UVC WebCam']
2023-01-29 00:42:35,129 [5560]   INFO - user.py_saveUser:29 - Saved User to file, username=admin
2023-01-29 00:42:35,476 [5907]   INFO - login.py_getUser:55 - Load User From File
2023-01-29 00:42:35,476 [5907]   INFO - user.py_getLoginStatus:39 - Loaded User from file, username=admin
2023-01-29 00:42:36,928 [7359]   INFO - login.py_doLogin:26 - Try Login, user=admin, pass=******
2023-01-29 00:42:36,928 [7359]   INFO - login.py_doLogin:38 - Logged in successfully, token=tok***
2023-01-29 00:42:36,929 [7360]   INFO - user.py_saveUser:29 - Saved User to file, username=admin
2023-01-29 00:42:37,768 [8199]   INFO - monitor.py_getCameraList:16 - Get Camera List...
2023-01-29 00:42:37,787 [8218]   INFO - monitor.py_getCameraList:18 - Got Camera List:['USB2.0 HD UVC WebCam']
2023-01-29 00:42:38,741 [9172]   INFO - user.py_saveUser:29 - Saved User to file, username=admin
2023-01-29 00:42:38,971 [9402]   INFO - login.py_getUser:55 - Load User From File
2023-01-29 00:42:38,972 [9403]   INFO - user.py_getLoginStatus:39 - Loaded User from file, username=admin
2023-01-29 00:42:40,566 [10997]   INFO - login.py_quit:17 - Exit Pressed.
2023-01-29 00:51:11,230 [362]   INFO - network.py_getFreePort:11 - Got Free Port52213
2023-01-29 00:51:11,232 [364]   INFO - __main__.py_<module>:11 - Program Loading.
2023-01-29 00:51:13,909 [3041]   INFO - login.py_getUser:55 - Load User From File
2023-01-29 00:51:13,913 [3045]   INFO - user.py_getLoginStatus:39 - Loaded User from file, username=admin
2023-01-29 00:51:16,286 [5418]   INFO - login.py_doLogin:26 - Try Login, user=admin, pass=******
2023-01-29 00:51:16,286 [5418]   INFO - login.py_doLogin:38 - Logged in successfully, token=tok***
2023-01-29 00:51:16,287 [5419]   INFO - user.py_saveUser:29 - Saved User to file, username=admin
2023-01-29 00:51:17,207 [6339]   INFO - monitor.py_getCameraList:16 - Get Camera List...
2023-01-29 00:51:17,227 [6358]   INFO - monitor.py_getCameraList:18 - Got Camera List:['USB2.0 HD UVC WebCam']
2023-01-29 00:51:18,574 [7706]   INFO - user.py_saveUser:29 - Saved User to file, username=admin
2023-01-29 00:51:18,925 [8057]   INFO - login.py_getUser:55 - Load User From File
2023-01-29 00:51:18,925 [8057]   INFO - user.py_getLoginStatus:39 - Loaded User from file, username=admin
2023-01-29 00:53:20,501 [305]   INFO - network.py_getFreePort:11 - Got Free Port52301
2023-01-29 00:53:20,503 [307]   INFO - __main__.py_<module>:11 - Program Loading.
2023-01-29 00:53:23,240 [3043]   INFO - login.py_getUser:55 - Load User From File
2023-01-29 00:53:23,241 [3044]   INFO - user.py_getLoginStatus:39 - Loaded User from file, username=admin
2023-01-29 00:53:26,352 [6156]   INFO - login.py_doLogin:26 - Try Login, user=admin, pass=******
2023-01-29 00:53:26,352 [6156]   INFO - login.py_doLogin:38 - Logged in successfully, token=tok***
2023-01-29 00:53:26,353 [6157]   INFO - user.py_saveUser:29 - Saved User to file, username=admin
2023-01-29 00:53:27,373 [7177]   INFO - monitor.py_getCameraList:16 - Get Camera List...
2023-01-29 00:53:27,401 [7204]   INFO - monitor.py_getCameraList:18 - Got Camera List:['USB2.0 HD UVC WebCam']
2023-01-29 00:53:30,707 [10511]   INFO - monitor.py_quitSystem:66 - Close Button Pressed, System Closing...
2023-01-29 00:55:43,264 [346]   INFO - network.py_getFreePort:11 - Got Free Port52464
2023-01-29 00:55:43,267 [349]   INFO - __main__.py_<module>:11 - Program Loading.
2023-01-29 00:56:01,419 [302]   INFO - network.py_getFreePort:11 - Got Free Port52474
2023-01-29 00:56:01,420 [303]   INFO - __main__.py_<module>:11 - Program Loading.
2023-01-29 00:56:03,653 [2536]   INFO - login.py_getUser:55 - Load User From File
2023-01-29 00:56:03,654 [2537]   INFO - user.py_getLoginStatus:39 - Loaded User from file, username=admin
2023-01-29 00:57:15,281 [279]   INFO - network.py_getFreePort:11 - Got Free Port: 52561
2023-01-29 00:57:15,283 [281]   INFO - __main__.py_<module>:11 - Program Loading.
2023-01-29 00:58:40,379 [322]   INFO - network.py_getFreePort:11 - Got Free Port: 52686
2023-01-29 00:58:40,381 [324]   INFO - __main__.py_<module>:11 - Program Loading.
2023-01-29 00:58:42,628 [2571]   INFO - login.py_getUser:55 - Load User From File
2023-01-29 00:58:42,629 [2572]   INFO - user.py_getLoginStatus:39 - Loaded User from file, username=admin
2023-01-29 00:58:50,516 [280]   INFO - network.py_getFreePort:11 - Got Free Port: 52697
2023-01-29 00:58:50,518 [282]   INFO - __main__.py_<module>:11 - Program Loading.
2023-01-29 00:58:52,656 [2421]   INFO - login.py_getUser:55 - Load User From File
2023-01-29 00:58:52,657 [2422]   INFO - user.py_getLoginStatus:39 - Loaded User from file, username=admin
2023-01-29 00:58:55,035 [4799]   INFO - login.py_doLogin:26 - Try Login, user=admin, pass=******
2023-01-29 00:58:55,035 [4799]   INFO - login.py_doLogin:38 - Logged in successfully, token=tok***
2023-01-29 00:58:55,036 [4800]   INFO - user.py_saveUser:29 - Saved User to file, username=admin
2023-01-29 00:58:55,693 [5458]   INFO - monitor.py_getCameraList:16 - Get Camera List...
2023-01-29 00:58:55,715 [5480]   INFO - monitor.py_getCameraList:18 - Got Camera List:['USB2.0 HD UVC WebCam']
2023-01-29 00:58:59,135 [8899]   INFO - monitor.py_getCameraURL:29 - Get Camera URL with Camera-0
2023-01-29 00:58:59,136 [8900]   INFO - monitor.py___init__:24 - Start Video Capture on Camera-0
2023-01-29 00:59:04,037 [13802] WARNING - monitor.py_stopMonitoring:78 - No Monitor to Stop.
2023-01-29 00:59:04,193 [13958]   INFO - network.py_getFreePort:11 - Got Free Port: 52759
2023-01-29 00:59:04,203 [13968]   INFO - monitor.py_getFlaskThread:64 - Get Flask Instance on 127.0.0.1:52759
2023-01-29 00:59:06,389 [16154]   INFO - monitor.py_stopCapture:43 - Stop Monitoring...
2023-01-29 00:59:06,389 [16154]   INFO - thread.py_stop_thread:27 - Stopping Thread-18872
2023-01-29 00:59:06,389 [16154]   INFO - thread.py__async_raise:22 - Message Sent.
2023-01-29 00:59:06,389 [16154]   INFO - thread.py_stop_thread:29 - Thread-18872 Stopped.
2023-01-29 00:59:06,819 [16584]   INFO - monitor.py___del__:28 - Stop Video Capture
2023-01-29 00:59:08,381 [18145]   INFO - user.py_saveUser:29 - Saved User to file, username=admin
2023-01-29 00:59:08,617 [18382]   INFO - login.py_getUser:55 - Load User From File
2023-01-29 00:59:08,618 [18382]   INFO - user.py_getLoginStatus:39 - Loaded User from file, username=admin
